PRT1
128
227
4 0 2 (304 1280 0 ) (304 1280 64 ) (304 1344 64 ) (304 1344 0 ) 
4 0 3 (304 1280 -64 ) (304 1024 -64 ) (304 1024 64 ) (304 1280 64 ) 
4 0 1 (304 2024 -64 ) (304 1344 -64 ) (304 1344 64 ) (304 2024 64 ) 
4 1 2 (240 1344 64 ) (240 1344 0 ) (304 1344 0 ) (304 1344 64 ) 
4 1 4 (240 2048 -64 ) (240 1344 -64 ) (240 1344 64 ) (240 2048 64 ) 
4 2 3 (240 1280 64 ) (240 1280 0 ) (304 1280 0 ) (304 1280 64 ) 
4 2 4 (240 1280 0 ) (240 1280 64 ) (240 1344 64 ) (240 1344 0 ) 
4 3 4 (240 1280 -64 ) (240 1024 -64 ) (240 1024 64 ) (240 1280 64 ) 
4 4 67 (0 1024 -64 ) (0 1024 64 ) (0 1664 64 ) (0 1664 -64 ) 
4 4 63 (0 1664 64 ) (0 2048 64 ) (0 2048 -64 ) (0 1664 -64 ) 
4 5 25 (1088 0 64 ) (1024 0 64 ) (1024 0 -64 ) (1088 0 -64 ) 
4 5 22 (1152 0 64 ) (1088 0 64 ) (1088 0 -64 ) (1152 0 -64 ) 
4 5 21 (1280 0 64 ) (1152 0 64 ) (1152 0 -64 ) (1280 0 -64 ) 
4 5 19 (1408 0 64 ) (1280 0 64 ) (1280 0 -64 ) (1408 0 -64 ) 
4 5 17 (1472 0 64 ) (1408 0 64 ) (1408 0 -64 ) (1472 0 -64 ) 
4 5 6 (1024 256 -64 ) (1024 0 -64 ) (1024 0 64 ) (1024 256 64 ) 
4 6 27 (1024 0 -64 ) (1024 0 64 ) (960 0 64 ) (960 0 -64 ) 
4 6 7 (960 64 -64 ) (960 0 -64 ) (960 0 64 ) (960 64 64 ) 
4 7 27 (960 0 64 ) (704 0 64 ) (704 0 -64 ) (960 0 -64 ) 
4 7 8 (704 64 -64 ) (704 0 -64 ) (704 0 64 ) (704 64 64 ) 
4 8 30 (128 0 -32 ) (128 0 -64 ) (704 0 -64 ) (704 0 -32 ) 
4 8 29 (704 0 64 ) (128 0 64 ) (128 0 -32 ) (704 0 -32 ) 
4 8 11 (133.238541 25.142273 -64 ) (128 0 -64 ) (128 0 -32 ) (133.238419 25.142361 -32 ) 
4 8 10 (274.667236 704 -32 ) (274.667236 704 -64 ) (133.238541 25.142273 -64 ) (133.238419 25.142361 -32 ) 
4 8 9 (274.667236 704 64 ) (274.667236 704 -32 ) (128 0 -32 ) (128 0 64 ) 
4 9 72 (0 0 -32 ) (0 0 64 ) (0 704 64 ) (0 704 -32 ) 
4 9 29 (128 0 64 ) (0 0 64 ) (0 0 -32 ) (128 0 -32 ) 
3 9 13 (48.005333 117.996437 -32 ) (75.098671 112.351990 -32 ) (90 90 -32 ) 
3 9 12 (0 127.997551 -32 ) (0 225 -32 ) (75.098671 112.351990 -32 ) 
4 9 11 (133.241241 25.138123 -32 ) (128.004135 0 -32 ) (128 0 -32 ) (118 48 -32 ) 
4 9 10 (0 704 -32 ) (274.670746 704 -32 ) (133.241241 25.138123 -32 ) (0 225 -32 ) 
4 10 74 (0 225 -32 ) (0 614.400024 -32 ) (0 614.400024 -64 ) (0 225 -64 ) 
4 10 73 (0 614.400024 -32 ) (0 704 -32 ) (0 704 -64 ) (0 614.400024 -64 ) 
4 10 13 (90 90 -32 ) (75.098679 112.351997 -32 ) (75.096786 112.354828 -64 ) (90 90 -64 ) 
4 10 12 (75.098679 112.351997 -32 ) (0 225 -32 ) (0 225 -64 ) (75.096786 112.354828 -64 ) 
4 10 11 (133.234375 25.148436 -64 ) (133.234375 25.148438 -32 ) (118 48 -32 ) (118 48 -64 ) 
4 12 76 (0 127.997551 -32 ) (0 150 -32 ) (0 150 -64 ) (0 128 -64 ) 
4 12 75 (0 150 -32 ) (0 225 -32 ) (0 225 -64 ) (0 150 -64 ) 
4 12 13 (75.095840 112.355270 -64 ) (75.097725 112.352440 -32 ) (48.004791 117.996796 -32 ) (48 118 -64 ) 
4 14 15 (2048 -938.666687 64 ) (2048 -533.333252 64 ) (2048 -533.333313 -64 ) (2048 -938.666687 -64 ) 
4 15 16 (1664 -640 -64 ) (1664 -768 -64 ) (1664 -768 64 ) (1664 -640 64 ) 
4 16 18 (1472 -640 -64 ) (1472 -768 -64 ) (1472 -768 64 ) (1472 -640 64 ) 
4 17 19 (1408 0 -64 ) (1408 -256 -64 ) (1408 -256 64 ) (1408 0 64 ) 
4 18 20 (1408 -640 -64 ) (1408 -768 -64 ) (1408 -768 64 ) (1408 -640 64 ) 
4 19 21 (1280 0 -64 ) (1280 -256 -64 ) (1280 -256 64 ) (1280 0 64 ) 
4 20 24 (1280 -896 -64 ) (1280 -1024 -64 ) (1280 -1024 64 ) (1280 -896 64 ) 
4 20 21 (1280 -448 -64 ) (1280 -576 -64 ) (1280 -576 64 ) (1280 -448 64 ) 
4 21 23 (1152 -448 -64 ) (1152 -576 -64 ) (1152 -576 64 ) (1152 -448 64 ) 
4 21 22 (1152 0 -64 ) (1152 -256 -64 ) (1152 -256 64 ) (1152 0 64 ) 
4 22 25 (1088 0 -64 ) (1088 -256 -64 ) (1088 -256 64 ) (1088 0 64 ) 
4 23 26 (1088 -448 -64 ) (1088 -576 -64 ) (1088 -576 64 ) (1088 -448 64 ) 
4 24 39 (1216 -1024 64 ) (1088 -1024 64 ) (1088 -1024 -64 ) (1216 -1024 -64 ) 
4 25 28 (1024 -192 64 ) (1024 -64 64 ) (1024 -64 -64 ) (1024 -192 -64 ) 
4 25 27 (1024 -64 64 ) (1024 0 64 ) (1024 0 -64 ) (1024 -64 -64 ) 
4 26 34 (1024 -576 64 ) (1024 -448 64 ) (1024 -448 -64 ) (1024 -576 -64 ) 
4 27 30 (704 0 -64 ) (704 -64 -64 ) (704 -64 -32 ) (704 0 -32 ) 
4 27 29 (704 -64 -32 ) (704 -64 64 ) (704 0 64 ) (704 0 -32 ) 
4 27 28 (960 -64 -64 ) (1024 -64 -64 ) (1024 -64 64 ) (960 -64 64 ) 
4 29 82 (0 -128 64 ) (0 0 64 ) (0 0 -32 ) (0 -128 -32 ) 
4 29 81 (0 -384 64 ) (0 -128 64 ) (0 -128 -32 ) (0 -384 -32 ) 
4 29 37 (640 -384 64 ) (0 -384 64 ) (0 -384 -32 ) (640 -384 -32 ) 
4 29 35 (704 -384 -32 ) (704 -384 64 ) (640 -384 64 ) (640 -384 -32 ) 
3 29 33 (0 -150.007782 -32 ) (0 -128 -32 ) (48.017010 -117.996452 -32 ) 
3 29 32 (0 -225 -32 ) (0 -150.007782 -32 ) (89.990616 -90.014061 -32 ) 
4 29 31 (48 -384 -32 ) (0 -384 -32 ) (0 -225 -32 ) (118 -48 -32 ) 
4 29 30 (704 0 -32 ) (704 -384 -32 ) (48 -384 -32 ) (128 0 -32 ) 
4 30 37 (48 -384 -64 ) (640 -384 -64 ) (640 -384 -32 ) (48 -384 -32 ) 
4 30 35 (640 -384 -64 ) (704 -384 -64 ) (704 -384 -32 ) (640 -384 -32 ) 
4 30 31 (48.001953 -384 -64 ) (48.001953 -384 -32 ) (118.002762 -47.995850 -32 ) (118.002762 -47.995850 -64 ) 
4 31 81 (0 -225 -64 ) (0 -384 -64 ) (0 -384 -32 ) (0 -225 -32 ) 
4 31 37 (0 -384 -64 ) (48 -384 -64 ) (48 -384 -32 ) (0 -384 -32 ) 
4 31 32 (90.004105 -89.997269 -64 ) (0 -225.001846 -64 ) (0 -225.001846 -32 ) (89.994743 -90.011307 -32 ) 
4 32 81 (0 -150 -64 ) (0 -225 -64 ) (0 -225 -32 ) (0 -150.007782 -32 ) 
4 32 33 (47.996243 -118 -64 ) (0 -149.998489 -64 ) (0 -150.006256 -32 ) (48.013214 -117.997253 -32 ) 
4 33 81 (0 -128 -64 ) (0 -150 -64 ) (0 -150.007782 -32 ) (0 -128 -32 ) 
4 34 36 (832 -448 -64 ) (832 -768 -64 ) (832 -768 64 ) (832 -448 64 ) 
4 35 37 (640 -384 64 ) (640 -384 -64 ) (640 -512 -64 ) (640 -512 64 ) 
4 37 81 (0 -768 64 ) (0 -384 64 ) (0 -384 -64 ) (0 -768 -64 ) 
4 37 38 (0 -768 -64 ) (64 -768 -64 ) (64 -768 64 ) (0 -768 64 ) 
4 38 89 (0 -1024 -64 ) (0 -1024 64 ) (0 -768 64 ) (0 -768 -64 ) 
4 38 50 (0 -1024 64 ) (0 -1024 -64 ) (64 -1024 -64 ) (64 -1024 64 ) 
4 39 40 (1088 -1344 -64 ) (1216 -1344 -64 ) (1216 -1344 64 ) (1088 -1344 64 ) 
4 40 56 (1024 -1728 -64 ) (1024 -1984 -64 ) (1024 -1984 64 ) (1024 -1728 64 ) 
4 40 51 (1024 -1344 -64 ) (1024 -1728 -64 ) (1024 -1728 64 ) (1024 -1344 64 ) 
4 41 52 (832 -1280 64 ) (704 -1280 64 ) (704 -1280 -40 ) (832 -1280 -40 ) 
4 41 45 (832 -1280 -40 ) (704 -1280 -40 ) (704 -1024 -40 ) (832 -1024 -40 ) 
4 41 43 (704 -1280 -32 ) (704 -1280 64 ) (704 -1152 64 ) (704 -1152 -32 ) 
4 41 42 (704 -1024 -40 ) (704 -1152 -40 ) (704 -1152 64 ) (704 -1024 64 ) 
4 42 46 (528 -1024 -40 ) (688 -1024 -40 ) (688 -1152 -40 ) (528 -1152 -40 ) 
4 42 45 (688 -1024 -40 ) (704 -1024 -40 ) (704 -1152 -40 ) (688 -1152 -40 ) 
4 42 48 (512 -1152 -40 ) (512 -1024 -40 ) (528 -1024 -40 ) (528 -1152 -40 ) 
4 42 43 (512 -1152 64 ) (512 -1152 -32 ) (704 -1152 -32 ) (704 -1152 64 ) 
4 42 44 (512 -1024 -40 ) (512 -1152 -40 ) (512 -1152 64 ) (512 -1024 64 ) 
4 43 52 (704 -1280 64 ) (512 -1280 64 ) (512 -1280 -32 ) (704 -1280 -32 ) 
4 43 44 (512 -1280 -32 ) (512 -1280 64 ) (512 -1152 64 ) (512 -1152 -32 ) 
4 44 52 (512 -1280 64 ) (256 -1280 64 ) (256 -1280 -40 ) (512 -1280 -40 ) 
4 44 49 (256 -1152 64 ) (256 -1024 64 ) (256 -1024 -40 ) (256 -1152 -40 ) 
4 44 48 (512 -1280 -40 ) (256 -1280 -40 ) (256 -1024 -40 ) (512 -1024 -40 ) 
4 45 52 (688 -1280 -64 ) (832 -1280 -64 ) (832 -1280 -40 ) (688 -1280 -40 ) 
4 45 46 (688 -1024 -64 ) (688 -1168 -64 ) (688 -1168 -40 ) (688 -1024 -40 ) 
4 45 47 (688 -1264 -64 ) (688 -1280 -64 ) (688 -1280 -40 ) (688 -1264 -40 ) 
4 46 48 (528 -1024 -64 ) (528 -1168 -64 ) (528 -1168 -40 ) (528 -1024 -40 ) 
4 47 52 (528 -1280 -64 ) (688 -1280 -64 ) (688 -1280 -40 ) (528 -1280 -40 ) 
4 47 48 (528 -1264 -64 ) (528 -1280 -64 ) (528 -1280 -40 ) (528 -1264 -40 ) 
4 48 52 (256 -1280 -64 ) (528 -1280 -64 ) (528 -1280 -40 ) (256 -1280 -40 ) 
4 48 49 (256 -1024 -64 ) (256 -1152 -64 ) (256 -1152 -40 ) (256 -1024 -40 ) 
4 49 50 (64 -1024 -64 ) (64 -1152 -64 ) (64 -1152 64 ) (64 -1024 64 ) 
4 50 96 (0 -1280 64 ) (0 -1024 64 ) (0 -1024 -64 ) (0 -1280 -64 ) 
4 50 53 (0 -1280 -64 ) (64 -1280 -64 ) (64 -1280 64 ) (0 -1280 64 ) 
4 51 56 (832 -1728 -64 ) (1024 -1728 -64 ) (1024 -1728 64 ) (832 -1728 64 ) 
4 51 55 (832 -1600 -64 ) (832 -1728 -64 ) (832 -1728 64 ) (832 -1600 64 ) 
4 53 98 (0 -1408 64 ) (0 -1280 64 ) (0 -1280 -64 ) (0 -1408 -64 ) 
4 53 54 (0 -1408 -64 ) (128 -1408 -64 ) (128 -1408 64 ) (0 -1408 64 ) 
4 54 98 (0 -1600 64 ) (0 -1408 64 ) (0 -1408 -64 ) (0 -1600 -64 ) 
4 54 55 (0 -1600 -64 ) (128 -1600 -64 ) (128 -1600 64 ) (0 -1600 64 ) 
4 55 98 (0 -1728 64 ) (0 -1600 64 ) (0 -1600 -64 ) (0 -1728 -64 ) 
4 55 60 (0 -1728 -64 ) (128 -1728 -64 ) (128 -1728 64 ) (0 -1728 64 ) 
4 55 58 (512 -1728 -64 ) (640 -1728 -64 ) (640 -1728 64 ) (512 -1728 64 ) 
4 57 61 (640 -2048 -64 ) (704 -2048 -64 ) (704 -2048 64 ) (640 -2048 64 ) 
4 57 58 (640 -1856 -64 ) (640 -2048 -64 ) (640 -2048 64 ) (640 -1856 64 ) 
4 58 61 (512 -2048 -64 ) (640 -2048 -64 ) (640 -2048 64 ) (512 -2048 64 ) 
4 58 59 (512 -1856 -64 ) (512 -2048 -64 ) (512 -2048 64 ) (512 -1856 64 ) 
4 59 61 (256 -2048 -64 ) (512 -2048 -64 ) (512 -2048 64 ) (256 -2048 64 ) 
4 60 103 (0 -2048 -64 ) (0 -2048 64 ) (0 -1984 64 ) (0 -1984 -64 ) 
4 60 102 (0 -1984 64 ) (0 -1856 64 ) (0 -1856 -64 ) (0 -1984 -64 ) 
4 60 101 (0 -1856 64 ) (0 -1792 64 ) (0 -1792 -64 ) (0 -1856 -64 ) 
4 60 98 (0 -1792 64 ) (0 -1728 64 ) (0 -1728 -64 ) (0 -1792 -64 ) 
4 60 62 (0 -2048 64 ) (0 -2048 -64 ) (128 -2048 -64 ) (128 -2048 64 ) 
4 62 111 (0 -2240 64 ) (0 -2048 64 ) (0 -2048 -64 ) (0 -2240 -64 ) 
4 63 67 (-224 1664 -64 ) (0 1664 -64 ) (0 1664 64 ) (-224 1664 64 ) 
4 63 65 (-224 1664 -32 ) (-224 1664 64 ) (-224 1696 64 ) (-224 1696 -32 ) 
4 63 64 (-224 2048 -64 ) (-224 1696 -64 ) (-224 1696 64 ) (-224 2048 64 ) 
4 64 66 (-256 2048 -64 ) (-256 1696 -64 ) (-256 1696 64 ) (-256 2048 64 ) 
4 64 65 (-256 1696 64 ) (-256 1696 -32 ) (-224 1696 -32 ) (-224 1696 64 ) 
4 65 67 (-224 1664 -32 ) (-224 1664 64 ) (-256 1664 64 ) (-256 1664 -32 ) 
4 65 66 (-256 1664 -32 ) (-256 1664 64 ) (-256 1696 64 ) (-256 1696 -32 ) 
4 66 71 (-512 1664 64 ) (-512 1664 -64 ) (-328 1664 -64 ) (-328 1664 64 ) 
4 66 68 (-328 1664 -64 ) (-264 1664 -64 ) (-264 1664 64 ) (-328 1664 64 ) 
4 66 67 (-264 1664 -64 ) (-256 1664 -64 ) (-256 1664 64 ) (-264 1664 64 ) 
4 67 69 (-264 1224 0 ) (-264 1224 64 ) (-264 1288 64 ) (-264 1288 0 ) 
4 67 68 (-264 1664 64 ) (-264 1664 -64 ) (-264 1288 -64 ) (-264 1288 64 ) 
4 67 70 (-264 1224 -64 ) (-264 1024 -64 ) (-264 1024 64 ) (-264 1224 64 ) 
4 68 71 (-328 1664 64 ) (-328 1664 -64 ) (-328 1288 -64 ) (-328 1288 64 ) 
4 68 69 (-328 1288 64 ) (-328 1288 0 ) (-264 1288 0 ) (-264 1288 64 ) 
4 69 71 (-328 1224 0 ) (-328 1224 64 ) (-328 1288 64 ) (-328 1288 0 ) 
4 69 70 (-328 1224 64 ) (-328 1224 0 ) (-264 1224 0 ) (-264 1224 64 ) 
4 70 71 (-328 1224 -64 ) (-328 1024 -64 ) (-328 1024 64 ) (-328 1224 64 ) 
4 72 82 (0 0 -32 ) (0 0 64 ) (-614.400024 0 64 ) (-614.400024 0 -32 ) 
4 72 81 (-614.400024 0 64 ) (-704 0 64 ) (-704 0 -32 ) (-614.400024 0 -32 ) 
4 72 77 (-704 0 -32 ) (-704 0 64 ) (-704 64 64 ) (-704 64 -32 ) 
3 72 76 (-48 118 -32 ) (0 150 -32 ) (0 128 -32 ) 
3 72 75 (-90 90 -32 ) (0 225 -32 ) (0 150 -32 ) 
3 72 74 (-118 48 -32 ) (0 614.400024 -32 ) (0 225 -32 ) 
6 72 73 (-128 0 -32 ) (-704 0 -32 ) (-704 384.003906 -32 ) (-384.003906 704 -32 ) (0 704 -32 ) (0 614.400024 -32 ) 
4 73 85 (-128 0 -32 ) (-150 0 -32 ) (-150 0 -64 ) (-128 0 -64 ) 
4 73 84 (-150 0 -32 ) (-225 0 -32 ) (-225 0 -64 ) (-150 0 -64 ) 
4 73 83 (-225 0 -32 ) (-614.400024 0 -32 ) (-614.400024 0 -64 ) (-225 0 -64 ) 
4 73 81 (-614.400024 0 -32 ) (-704 0 -32 ) (-704 0 -64 ) (-614.400024 0 -64 ) 
4 73 77 (-704 64 -64 ) (-704 0 -64 ) (-704 0 -32 ) (-704 64 -32 ) 
4 73 74 (0 614.400085 -32 ) (-118 48 -32 ) (-118 48 -64 ) (0 614.400146 -64 ) 
4 74 75 (-90.004608 89.996933 -64 ) (0 225.003616 -64 ) (0 225.003632 -32 ) (-90.004608 89.996918 -32 ) 
4 75 76 (-48.002720 118 -64 ) (0 150.001175 -64 ) (0 150.001160 -32 ) (-48.002705 118 -32 ) 
4 77 87 (-896 0 64 ) (-1024 0 64 ) (-1024 0 -64 ) (-896 0 -64 ) 
4 77 86 (-704 0 64 ) (-896 0 64 ) (-896 0 -64 ) (-704 0 -64 ) 
4 77 78 (-1024 64 -64 ) (-1024 0 -64 ) (-1024 0 64 ) (-1024 64 64 ) 
4 78 92 (-1472 0 64 ) (-2048 0 64 ) (-2048 0 -64 ) (-1472 0 -64 ) 
4 78 90 (-1024 0 -64 ) (-1024 0 64 ) (-1344 0 64 ) (-1344 0 -64 ) 
4 78 91 (-1344 0 64 ) (-1472 0 64 ) (-1472 0 -64 ) (-1344 0 -64 ) 
4 78 80 (-2048 0 -64 ) (-2048 0 64 ) (-2048 64 64 ) (-2048 64 -64 ) 
4 79 80 (-2560 64 -64 ) (-2176 64 -64 ) (-2176 64 64 ) (-2560 64 64 ) 
4 80 112 (-2048 0 -64 ) (-2048 0 64 ) (-2560 0 64 ) (-2560 0 -64 ) 
4 81 89 (-64 -768 -64 ) (0 -768 -64 ) (0 -768 64 ) (-64 -768 64 ) 
4 81 86 (-704 0 -64 ) (-704 -64 -64 ) (-704 -64 64 ) (-704 0 64 ) 
4 81 83 (-47.998528 -118 -64 ) (-614.403137 0 -64 ) (-614.403137 0 -32 ) (-47.998535 -118 -32 ) 
4 81 82 (-614.403137 0 -32 ) (-614.403137 0 64 ) (0 -128 64 ) (0 -128 -32 ) 
3 82 85 (-118 -48 -32 ) (-150 0 -32 ) (-128 0 -32 ) 
3 82 84 (-90 -90 -32 ) (-225 0 -32 ) (-150 0 -32 ) 
3 82 83 (-47.992016 -118.005318 -32 ) (-614.417236 0 -32 ) (-225 0 -32 ) 
4 83 84 (-225.001953 0 -32 ) (-89.998459 -90.002335 -32 ) (-89.998459 -90.002335 -64 ) (-225.001953 0 -64 ) 
4 84 85 (-118 -48.002720 -64 ) (-150.001175 0 -64 ) (-150.001160 0 -32 ) (-118 -48.002705 -32 ) 
4 86 87 (-896 0 -64 ) (-896 -64 -64 ) (-896 -64 64 ) (-896 0 64 ) 
4 87 90 (-1024 -64 64 ) (-1024 0 64 ) (-1024 0 -64 ) (-1024 -64 -64 ) 
4 88 94 (-1024 -704 64 ) (-1024 -512 64 ) (-1024 -512 -64 ) (-1024 -704 -64 ) 
4 89 96 (0 -1024 -64 ) (0 -1024 64 ) (-64 -1024 64 ) (-64 -1024 -64 ) 
4 90 91 (-1344 0 -64 ) (-1344 -64 -64 ) (-1344 -64 64 ) (-1344 0 64 ) 
4 91 93 (-1472 -192 -64 ) (-1344 -192 -64 ) (-1344 -192 64 ) (-1472 -192 64 ) 
4 91 92 (-1472 0 -64 ) (-1472 -64 -64 ) (-1472 -64 64 ) (-1472 0 64 ) 
4 92 112 (-2048 0 64 ) (-2048 0 -64 ) (-2048 -64 -64 ) (-2048 -64 64 ) 
4 93 94 (-1728 -448 -64 ) (-1088 -448 -64 ) (-1088 -448 64 ) (-1728 -448 64 ) 
4 95 120 (-2048 -832 -64 ) (-2048 -960 -64 ) (-2048 -960 64 ) (-2048 -832 64 ) 
4 95 119 (-2048 -704 -64 ) (-2048 -832 -64 ) (-2048 -832 64 ) (-2048 -704 64 ) 
4 95 115 (-2048 -448 -64 ) (-2048 -704 -64 ) (-2048 -704 64 ) (-2048 -448 64 ) 
4 96 98 (-64 -1280 -64 ) (0 -1280 -64 ) (0 -1280 64 ) (-64 -1280 64 ) 
4 97 104 (-1024 -1152 -64 ) (-1024 -1280 -64 ) (-1024 -1280 64 ) (-1024 -1152 64 ) 
4 97 100 (-1024 -1280 -64 ) (-832 -1280 -64 ) (-832 -1280 64 ) (-1024 -1280 64 ) 
4 97 99 (-832 -1280 -64 ) (-640 -1280 -64 ) (-640 -1280 64 ) (-832 -1280 64 ) 
4 98 101 (-448 -1792 -64 ) (0 -1792 -64 ) (0 -1792 64 ) (-448 -1792 64 ) 
4 99 100 (-832 -1280 64 ) (-832 -1280 -64 ) (-832 -1408 -64 ) (-832 -1408 64 ) 
4 100 105 (-1024 -1424 -64 ) (-1024 -1792 -64 ) (-1024 -1792 64 ) (-1024 -1424 64 ) 
4 100 104 (-1024 -1280 -64 ) (-1024 -1408 -64 ) (-1024 -1408 64 ) (-1024 -1280 64 ) 
4 101 102 (-448 -1856 -64 ) (0 -1856 -64 ) (0 -1856 64 ) (-448 -1856 64 ) 
4 102 107 (-1024 -1856 -64 ) (-1024 -1984 -64 ) (-1024 -1984 64 ) (-1024 -1856 64 ) 
4 102 103 (-448 -1984 -64 ) (0 -1984 -64 ) (0 -1984 64 ) (-448 -1984 64 ) 
4 103 111 (0 -2048 -64 ) (0 -2048 64 ) (-448 -2048 64 ) (-448 -2048 -64 ) 
4 105 106 (-1152 -1424 64 ) (-1152 -1424 -64 ) (-1152 -1792 -64 ) (-1152 -1792 64 ) 
4 106 107 (-1280 -1856 64 ) (-1280 -1856 -64 ) (-1152 -1856 -64 ) (-1152 -1856 64 ) 
4 107 109 (-1280 -1856 -64 ) (-1280 -1984 -64 ) (-1280 -1984 64 ) (-1280 -1856 64 ) 
4 108 110 (-1920 -1472 -64 ) (-1920 -1600 -64 ) (-1920 -1600 64 ) (-1920 -1472 64 ) 
4 108 109 (-1920 -1856 64 ) (-1920 -1856 -64 ) (-1792 -1856 -64 ) (-1792 -1856 64 ) 
4 110 126 (-2048 -1600 64 ) (-2048 -1472 64 ) (-2048 -1472 -64 ) (-2048 -1600 -64 ) 
4 112 113 (-2560 -64 64 ) (-2560 -64 -64 ) (-2176 -64 -64 ) (-2176 -64 64 ) 
4 113 114 (-2432 -192 -64 ) (-2304 -192 -64 ) (-2304 -192 64 ) (-2432 -192 64 ) 
4 114 116 (-2432 -256 -64 ) (-2304 -256 -64 ) (-2304 -256 64 ) (-2432 -256 64 ) 
4 115 119 (-2176 -704 -64 ) (-2048 -704 -64 ) (-2048 -704 64 ) (-2176 -704 64 ) 
4 116 119 (-2432 -704 -64 ) (-2304 -704 -64 ) (-2304 -704 64 ) (-2432 -704 64 ) 
4 117 119 (-2752 -704 -64 ) (-2560 -704 -64 ) (-2560 -704 64 ) (-2752 -704 64 ) 
4 117 118 (-2752 -448 -64 ) (-2752 -704 -64 ) (-2752 -704 64 ) (-2752 -448 64 ) 
4 118 119 (-3072 -704 -64 ) (-2752 -704 -64 ) (-2752 -704 64 ) (-3072 -704 64 ) 
4 119 121 (-2432 -832 -64 ) (-2304 -832 -64 ) (-2304 -832 64 ) (-2432 -832 64 ) 
4 119 122 (-3072 -832 -64 ) (-2560 -832 -64 ) (-2560 -832 64 ) (-3072 -832 64 ) 
4 119 120 (-2176 -832 -64 ) (-2048 -832 -64 ) (-2048 -832 64 ) (-2176 -832 64 ) 
4 121 123 (-2304 -1024 64 ) (-2432 -1024 64 ) (-2432 -1024 -64 ) (-2304 -1024 -64 ) 
4 122 125 (-2752 -1024 64 ) (-3072 -1024 64 ) (-3072 -1024 -64 ) (-2752 -1024 -64 ) 
4 122 124 (-2560 -1024 64 ) (-2752 -1024 64 ) (-2752 -1024 -64 ) (-2560 -1024 -64 ) 
4 123 127 (-2432 -1344 -64 ) (-2304 -1344 -64 ) (-2304 -1344 64 ) (-2432 -1344 64 ) 
4 124 125 (-2752 -1024 -64 ) (-2752 -1088 -64 ) (-2752 -1088 64 ) (-2752 -1024 64 ) 
4 126 127 (-2176 -1472 -64 ) (-2176 -1600 -64 ) (-2176 -1600 64 ) (-2176 -1472 64 ) 
