PRT1
13
23
4 0 6 (2048 0 -112 ) (2048 0 -64 ) (2048 288 -64 ) (2048 288 -112 ) 
4 0 3 (2048 64 48 ) (2048 288 48 ) (2048 288 -64 ) (2048 64 -64 ) 
4 0 5 (2048 0 -64 ) (2048 0 48 ) (2048 64 48 ) (2048 64 -64 ) 
4 0 1 (2400 0 48 ) (2048 0 48 ) (2048 0 -112 ) (2400 0 -112 ) 
4 1 11 (2048 0 -64 ) (2048 0 -112 ) (2048 -192 -112 ) (2048 -192 -64 ) 
4 1 9 (2048 -192 48 ) (2048 -64 48 ) (2048 -64 -64 ) (2048 -192 -64 ) 
4 1 8 (2048 -64 48 ) (2048 0 48 ) (2048 0 -64 ) (2048 -64 -64 ) 
4 2 4 (1024 480 -64 ) (1536 480 -64 ) (1536 480 48 ) (1024 480 48 ) 
4 3 6 (2048 288 -64 ) (2048 64 -64 ) (1984 64 -64 ) (1984 288 -64 ) 
4 3 5 (1984 64 -64 ) (2048 64 -64 ) (2048 64 48 ) (1984 64 48 ) 
4 4 7 (1024 64 48 ) (1024 480 48 ) (1024 480 -64 ) (1024 64 -64 ) 
4 4 5 (1024 64 -64 ) (1760 64 -64 ) (1760 64 48 ) (1024 64 48 ) 
4 5 8 (2048 0 -64 ) (2048 0 48 ) (1024 0 48 ) (1024 0 -64 ) 
4 5 7 (1024 0 -64 ) (1024 0 48 ) (1024 64 48 ) (1024 64 -64 ) 
4 5 6 (2048 0 -64 ) (1984 0 -64 ) (1984 64 -64 ) (2048 64 -64 ) 
4 6 11 (2048 0 -112 ) (2048 0 -64 ) (1984 0 -64 ) (1984 0 -112 ) 
4 7 12 (1024 0 -64 ) (1024 0 48 ) (800 0 48 ) (800 0 -64 ) 
4 8 12 (1024 0 48 ) (1024 0 -64 ) (1024 -64 -64 ) (1024 -64 48 ) 
4 8 11 (1984 0 -64 ) (2048 0 -64 ) (2048 -64 -64 ) (1984 -64 -64 ) 
4 8 10 (1024 -64 -64 ) (1760 -64 -64 ) (1760 -64 48 ) (1024 -64 48 ) 
4 8 9 (1984 -64 -64 ) (2048 -64 -64 ) (2048 -64 48 ) (1984 -64 48 ) 
4 9 11 (1984 -64 -64 ) (2048 -64 -64 ) (2048 -192 -64 ) (1984 -192 -64 ) 
4 10 12 (1024 -64 -64 ) (1024 -480 -64 ) (1024 -480 48 ) (1024 -64 48 ) 
