


materialPath: D:\SteamLibrary\steamapps\common\GarrysMod\garrysmod\materials
Loading D:\SteamLibrary\steamapps\common\GarrysMod\garrysmod\gamemodes\amongus\content\maps\au_skeld.vmf
fixing up env_cubemap materials on brush sides...
0...1...2...3...4...5...6...7...8...9...100...1...2...3...4...5...6...7...8...9...10Processing areas...done (0)
Building Faces...done (0)
FixTjuncs...
PruneNodes...
WriteBSP...
done (0)
writing D:\SteamLibrary\steamapps\common\GarrysMod\garrysmod\gamemodes\amongus\content\maps\au_skeld.prt...Building visibility clusters...
done (0)
Creating default LDR cubemaps for env_cubemap using skybox materials:
   skybox/sky_day01_01*.vmt
 ! Run buildcubemaps in the engine to get the correct cube maps.
Creating default HDR cubemaps for env_cubemap using skybox materials:
   skybox/sky_day01_01*.vmt
 ! Run buildcubemaps in the engine to get the correct cube maps.
Finding displacement neighbors...
Finding lightmap sample positions...
Displacement Alpha : 0...1...2...3...4...5...6...7...8...9...10
Building Physics collision data...
done (0) (85152 bytes)
Placing detail props : 0...1...2...3...4...5...6...7...8...9...10
Compacting texture/material tables...
Reduced 75 texinfos to 34
Reduced 4 texdatas to 4 (82 bytes to 82)
Writing D:\SteamLibrary\steamapps\common\GarrysMod\garrysmod\gamemodes\amongus\content\maps\au_skeld.bsp
0 seconds elapsed



8 threads
reading d:\steamlibrary\steamapps\common\garrysmod\garrysmod\gamemodes\amongus\content\maps\au_skeld.bsp
reading d:\steamlibrary\steamapps\common\garrysmod\garrysmod\gamemodes\amongus\content\maps\au_skeld.prt
 108 portalclusters
 179 numportals
0...1...2...3...4...5...6...7...8...9...100...1...2...3...4...5...6...7...8...9...10Optimized: 5 visible clusters (0.16%)
Total clusters visible: 3221
Average clusters visible: 29
Building PAS...
Average clusters audible: 61
visdatasize:3596  compressed from 3456
writing d:\steamlibrary\steamapps\common\garrysmod\garrysmod\gamemodes\amongus\content\maps\au_skeld.bsp
0 seconds elapsed



[Reading texlights from 'lights.rad']
[45 texlights parsed from 'lights.rad']

Loading d:\steamlibrary\steamapps\common\garrysmod\garrysmod\gamemodes\amongus\content\maps\au_skeld.bsp
PREP OK
479 faces
144154 square feet [20758216.00 square inches]
0 Displacements
0 Square Feet [0.00 Square Inches]
479 patches before subdivision
23783 patches after subdivision
0 direct lights
0...1...2...3...4...5...6...7...8...9...100...1...2...3...4...5...6...7...8...9...10transfers 2203104, max 319
transfer lists:  16.8 megs
0...1...2...3...4...5...6...7...8...9...10	Bounce #1 added RGB(0, 0, 0)
Build Patch/Sample Hash Table(s).....Done<0.0097 sec>
0...1...2...3...4...5...6...7...8...9...10FinalLightFace Done
0 of 0 (0% of) surface lights went in leaf ambient cubes.
0...1...2...3...4...5...6...7...8...9...10Writing leaf ambient...done
Ready to Finish

Object names       Objects/Maxobjs  Memory / Maxmem  Fullness 
------------       ---------------  ---------------  -------- 
models                   1/4096           48/196608   ( 0.0%) 
brushes                223/16384        2676/196608   ( 1.4%) 
brushsides            1483/65536       11864/524288   ( 2.3%) 
planes                 418/65536        8360/1310720  ( 0.6%) 
vertexes               785/65536        9420/786432   ( 1.2%) 
nodes                  287/65536        9184/2097152  ( 0.4%) 
texinfos                34/12288        2448/884736   ( 0.3%) 
texdata                  4/2048          128/65536    ( 0.2%) 
dispinfos                0/0               0/0        ( 0.0%) 
disp_verts               0/0               0/0        ( 0.0%) 
disp_tris                0/0               0/0        ( 0.0%) 
disp_lmsamples           0/0               0/0        ( 0.0%) 
faces                  479/65536       26824/3670016  ( 0.7%) 
hdr faces                0/65536           0/3670016  ( 0.0%) 
origfaces              264/65536       14784/3670016  ( 0.4%) 
leaves                 289/65536        9248/2097152  ( 0.4%) 
leaffaces              603/65536        1206/131072   ( 0.9%) 
leafbrushes            395/65536         790/131072   ( 0.6%) 
areas                    3/1024           24/8192     ( 0.3%) 
surfedges             3414/512000      13656/2048000  ( 0.7%) 
edges                 1963/256000       7852/1024000  ( 0.8%) 
LDR worldlights          0/8192            0/720896   ( 0.0%) 
HDR worldlights          0/8192            0/720896   ( 0.0%) 
leafwaterdata            0/32768           0/393216   ( 0.0%) 
waterstrips             60/32768         600/327680   ( 0.2%) 
waterverts               0/65536           0/786432   ( 0.0%) 
waterindices           795/65536        1590/131072   ( 1.2%) 
cubemapsamples           0/1024            0/16384    ( 0.0%) 
overlays                 0/512             0/180224   ( 0.0%) 
LDR lightdata         [variable]      396136/0        ( 0.0%) 
HDR lightdata         [variable]           0/0        ( 0.0%) 
visdata               [variable]        3596/16777216 ( 0.0%) 
entdata               [variable]        4164/393216   ( 1.1%) 
LDR ambient table      289/65536        1156/262144   ( 0.4%) 
HDR ambient table      289/65536        1156/262144   ( 0.4%) 
LDR leaf ambient       108/65536        3024/1835008  ( 0.2%) 
HDR leaf ambient       289/65536        8092/1835008  ( 0.4%) 
occluders                0/0               0/0        ( 0.0%) 
occluder polygons        0/0               0/0        ( 0.0%) 
occluder vert ind        0/0               0/0        ( 0.0%) 
detail props          [variable]           1/12       ( 8.3%) 
static props          [variable]           1/12       ( 8.3%) 
pakfile               [variable]      105663/0        ( 0.0%) 
physics               [variable]       85152/4194304  ( 2.0%) 
physics terrain       [variable]           2/1048576  ( 0.0%) 

Level flags = 0

Total triangle count: 1328
Writing d:\steamlibrary\steamapps\common\garrysmod\garrysmod\gamemodes\amongus\content\maps\au_skeld.bsp
1 second elapsed



materialPath: D:\SteamLibrary\steamapps\common\GarrysMod\garrysmod\materials
Loading D:\SteamLibrary\steamapps\common\GarrysMod\garrysmod\gamemodes\amongus\content\maps\au_skeld.vmf
fixing up env_cubemap materials on brush sides...
0...1...2...3...4...5...6...7...8...9...100...1...2...3...4...5...6...7...8...9...10Processing areas...done (0)
Building Faces...done (0)
FixTjuncs...
PruneNodes...
WriteBSP...
done (0)
writing D:\SteamLibrary\steamapps\common\GarrysMod\garrysmod\gamemodes\amongus\content\maps\au_skeld.prt...Building visibility clusters...
done (0)
Creating default LDR cubemaps for env_cubemap using skybox materials:
   skybox/sky_day01_01*.vmt
 ! Run buildcubemaps in the engine to get the correct cube maps.
Creating default HDR cubemaps for env_cubemap using skybox materials:
   skybox/sky_day01_01*.vmt
 ! Run buildcubemaps in the engine to get the correct cube maps.
Finding displacement neighbors...
Finding lightmap sample positions...
Displacement Alpha : 0...1...2...3...4...5...6...7...8...9...10
Building Physics collision data...
done (0) (85152 bytes)
Placing detail props : 0...1...2...3...4...5...6...7...8...9...10
Compacting texture/material tables...
Reduced 75 texinfos to 34
Reduced 4 texdatas to 4 (82 bytes to 82)
Writing D:\SteamLibrary\steamapps\common\GarrysMod\garrysmod\gamemodes\amongus\content\maps\au_skeld.bsp
0 seconds elapsed



8 threads
reading d:\steamlibrary\steamapps\common\garrysmod\garrysmod\gamemodes\amongus\content\maps\au_skeld.bsp
reading d:\steamlibrary\steamapps\common\garrysmod\garrysmod\gamemodes\amongus\content\maps\au_skeld.prt
 108 portalclusters
 179 numportals
0...1...2...3...4...5...6...7...8...9...100...1...2...3...4...5...6...7...8...9...10Optimized: 4 visible clusters (0.12%)
Total clusters visible: 3220
Average clusters visible: 29
Building PAS...
Average clusters audible: 61
visdatasize:3596  compressed from 3456
writing d:\steamlibrary\steamapps\common\garrysmod\garrysmod\gamemodes\amongus\content\maps\au_skeld.bsp
0 seconds elapsed



[Reading texlights from 'lights.rad']
[45 texlights parsed from 'lights.rad']

Loading d:\steamlibrary\steamapps\common\garrysmod\garrysmod\gamemodes\amongus\content\maps\au_skeld.bsp
PREP OK
479 faces
144324 square feet [20782792.00 square inches]
0 Displacements
0 Square Feet [0.00 Square Inches]
479 patches before subdivision
23775 patches after subdivision
0 direct lights
0...1...2...3...4...5...6...7...8...9...100...1...2...3...4...5...6...7...8...9...10transfers 2202902, max 319
transfer lists:  16.8 megs
0...1...2...3...4...5...6...7...8...9...10	Bounce #1 added RGB(0, 0, 0)
Build Patch/Sample Hash Table(s).....Done<0.0095 sec>
0...1...2...3...4...5...6...7...8...9...10FinalLightFace Done
0 of 0 (0% of) surface lights went in leaf ambient cubes.
0...1...2...3...4...5...6...7...8...9...10Writing leaf ambient...done
Ready to Finish

Object names       Objects/Maxobjs  Memory / Maxmem  Fullness 
------------       ---------------  ---------------  -------- 
models                   1/4096           48/196608   ( 0.0%) 
brushes                223/16384        2676/196608   ( 1.4%) 
brushsides            1483/65536       11864/524288   ( 2.3%) 
planes                 420/65536        8400/1310720  ( 0.6%) 
vertexes               785/65536        9420/786432   ( 1.2%) 
nodes                  287/65536        9184/2097152  ( 0.4%) 
texinfos                34/12288        2448/884736   ( 0.3%) 
texdata                  4/2048          128/65536    ( 0.2%) 
dispinfos                0/0               0/0        ( 0.0%) 
disp_verts               0/0               0/0        ( 0.0%) 
disp_tris                0/0               0/0        ( 0.0%) 
disp_lmsamples           0/0               0/0        ( 0.0%) 
faces                  479/65536       26824/3670016  ( 0.7%) 
hdr faces                0/65536           0/3670016  ( 0.0%) 
origfaces              263/65536       14728/3670016  ( 0.4%) 
leaves                 289/65536        9248/2097152  ( 0.4%) 
leaffaces              603/65536        1206/131072   ( 0.9%) 
leafbrushes            395/65536         790/131072   ( 0.6%) 
areas                    3/1024           24/8192     ( 0.3%) 
surfedges             3410/512000      13640/2048000  ( 0.7%) 
edges                 1961/256000       7844/1024000  ( 0.8%) 
LDR worldlights          0/8192            0/720896   ( 0.0%) 
HDR worldlights          0/8192            0/720896   ( 0.0%) 
leafwaterdata            0/32768           0/393216   ( 0.0%) 
waterstrips             60/32768         600/327680   ( 0.2%) 
waterverts               0/65536           0/786432   ( 0.0%) 
waterindices           795/65536        1590/131072   ( 1.2%) 
cubemapsamples           0/1024            0/16384    ( 0.0%) 
overlays                 0/512             0/180224   ( 0.0%) 
LDR lightdata         [variable]      396568/0        ( 0.0%) 
HDR lightdata         [variable]           0/0        ( 0.0%) 
visdata               [variable]        3596/16777216 ( 0.0%) 
entdata               [variable]        4160/393216   ( 1.1%) 
LDR ambient table      289/65536        1156/262144   ( 0.4%) 
HDR ambient table      289/65536        1156/262144   ( 0.4%) 
LDR leaf ambient       108/65536        3024/1835008  ( 0.2%) 
HDR leaf ambient       289/65536        8092/1835008  ( 0.4%) 
occluders                0/0               0/0        ( 0.0%) 
occluder polygons        0/0               0/0        ( 0.0%) 
occluder vert ind        0/0               0/0        ( 0.0%) 
detail props          [variable]           1/12       ( 8.3%) 
static props          [variable]           1/12       ( 8.3%) 
pakfile               [variable]      105663/0        ( 0.0%) 
physics               [variable]       85152/4194304  ( 2.0%) 
physics terrain       [variable]           2/1048576  ( 0.0%) 

Level flags = 0

Total triangle count: 1328
Writing d:\steamlibrary\steamapps\common\garrysmod\garrysmod\gamemodes\amongus\content\maps\au_skeld.bsp
1 second elapsed



materialPath: D:\SteamLibrary\steamapps\common\GarrysMod\garrysmod\materials
Loading D:\SteamLibrary\steamapps\common\GarrysMod\garrysmod\gamemodes\amongus\content\maps\au_skeld.vmf
fixing up env_cubemap materials on brush sides...
0...1...2...3...4...5...6...7...8...9...100...1...2...3...4...5...6...7...8...9...10Processing areas...done (0)
Building Faces...done (0)
FixTjuncs...
PruneNodes...
WriteBSP...
done (0)
writing D:\SteamLibrary\steamapps\common\GarrysMod\garrysmod\gamemodes\amongus\content\maps\au_skeld.prt...Building visibility clusters...
done (0)
Creating default LDR cubemaps for env_cubemap using skybox materials:
   skybox/sky_day01_01*.vmt
 ! Run buildcubemaps in the engine to get the correct cube maps.
Creating default HDR cubemaps for env_cubemap using skybox materials:
   skybox/sky_day01_01*.vmt
 ! Run buildcubemaps in the engine to get the correct cube maps.
Finding displacement neighbors...
Finding lightmap sample positions...
Displacement Alpha : 0...1...2...3...4...5...6...7...8...9...10
Building Physics collision data...
done (0) (85152 bytes)
Placing detail props : 0...1...2...3...4...5...6...7...8...9...10
Compacting texture/material tables...
Reduced 75 texinfos to 34
Reduced 4 texdatas to 4 (82 bytes to 82)
Writing D:\SteamLibrary\steamapps\common\GarrysMod\garrysmod\gamemodes\amongus\content\maps\au_skeld.bsp
0 seconds elapsed



8 threads
reading d:\steamlibrary\steamapps\common\garrysmod\garrysmod\gamemodes\amongus\content\maps\au_skeld.bsp
reading d:\steamlibrary\steamapps\common\garrysmod\garrysmod\gamemodes\amongus\content\maps\au_skeld.prt
 108 portalclusters
 179 numportals
0...1...2...3...4...5...6...7...8...9...100...1...2...3...4...5...6...7...8...9...10Optimized: 4 visible clusters (0.12%)
Total clusters visible: 3220
Average clusters visible: 29
Building PAS...
Average clusters audible: 61
visdatasize:3596  compressed from 3456
writing d:\steamlibrary\steamapps\common\garrysmod\garrysmod\gamemodes\amongus\content\maps\au_skeld.bsp
0 seconds elapsed



[Reading texlights from 'lights.rad']
[45 texlights parsed from 'lights.rad']

Loading d:\steamlibrary\steamapps\common\garrysmod\garrysmod\gamemodes\amongus\content\maps\au_skeld.bsp
PREP OK
479 faces
144324 square feet [20782792.00 square inches]
0 Displacements
0 Square Feet [0.00 Square Inches]
479 patches before subdivision
23775 patches after subdivision
0 direct lights
0...1...2...3...4...5...6...7...8...9...100...1...2...3...4...5...6...7...8...9...10transfers 2202902, max 319
transfer lists:  16.8 megs
0...1...2...3...4...5...6...7...8...9...10	Bounce #1 added RGB(0, 0, 0)
Build Patch/Sample Hash Table(s).....Done<0.0122 sec>
0...1...2...3...4...5...6...7...8...9...10FinalLightFace Done
0 of 0 (0% of) surface lights went in leaf ambient cubes.
0...1...2...3...4...5...6...7...8...9...10Writing leaf ambient...done
Ready to Finish

Object names       Objects/Maxobjs  Memory / Maxmem  Fullness 
------------       ---------------  ---------------  -------- 
models                   1/4096           48/196608   ( 0.0%) 
brushes                223/16384        2676/196608   ( 1.4%) 
brushsides            1483/65536       11864/524288   ( 2.3%) 
planes                 420/65536        8400/1310720  ( 0.6%) 
vertexes               785/65536        9420/786432   ( 1.2%) 
nodes                  287/65536        9184/2097152  ( 0.4%) 
texinfos                34/12288        2448/884736   ( 0.3%) 
texdata                  4/2048          128/65536    ( 0.2%) 
dispinfos                0/0               0/0        ( 0.0%) 
disp_verts               0/0               0/0        ( 0.0%) 
disp_tris                0/0               0/0        ( 0.0%) 
disp_lmsamples           0/0               0/0        ( 0.0%) 
faces                  479/65536       26824/3670016  ( 0.7%) 
hdr faces                0/65536           0/3670016  ( 0.0%) 
origfaces              263/65536       14728/3670016  ( 0.4%) 
leaves                 289/65536        9248/2097152  ( 0.4%) 
leaffaces              603/65536        1206/131072   ( 0.9%) 
leafbrushes            395/65536         790/131072   ( 0.6%) 
areas                    3/1024           24/8192     ( 0.3%) 
surfedges             3410/512000      13640/2048000  ( 0.7%) 
edges                 1961/256000       7844/1024000  ( 0.8%) 
LDR worldlights          0/8192            0/720896   ( 0.0%) 
HDR worldlights          0/8192            0/720896   ( 0.0%) 
leafwaterdata            0/32768           0/393216   ( 0.0%) 
waterstrips             60/32768         600/327680   ( 0.2%) 
waterverts               0/65536           0/786432   ( 0.0%) 
waterindices           795/65536        1590/131072   ( 1.2%) 
cubemapsamples           0/1024            0/16384    ( 0.0%) 
overlays                 0/512             0/180224   ( 0.0%) 
LDR lightdata         [variable]      396568/0        ( 0.0%) 
HDR lightdata         [variable]           0/0        ( 0.0%) 
visdata               [variable]        3596/16777216 ( 0.0%) 
entdata               [variable]        4156/393216   ( 1.1%) 
LDR ambient table      289/65536        1156/262144   ( 0.4%) 
HDR ambient table      289/65536        1156/262144   ( 0.4%) 
LDR leaf ambient       108/65536        3024/1835008  ( 0.2%) 
HDR leaf ambient       289/65536        8092/1835008  ( 0.4%) 
occluders                0/0               0/0        ( 0.0%) 
occluder polygons        0/0               0/0        ( 0.0%) 
occluder vert ind        0/0               0/0        ( 0.0%) 
detail props          [variable]           1/12       ( 8.3%) 
static props          [variable]           1/12       ( 8.3%) 
pakfile               [variable]      105663/0        ( 0.0%) 
physics               [variable]       85152/4194304  ( 2.0%) 
physics terrain       [variable]           2/1048576  ( 0.0%) 

Level flags = 0

Total triangle count: 1328
Writing d:\steamlibrary\steamapps\common\garrysmod\garrysmod\gamemodes\amongus\content\maps\au_skeld.bsp
1 second elapsed
